<?xml version="1.0" encoding="UTF-8"?>
<!-- Generated by org.testng.reporters.JUnitReportReporter -->
<testsuite hostname="LAPTOP-PMC2DT0F" failures="0" tests="1" name="Academy.validateNavBar" time="16.465" errors="0" timestamp="2022-02-25T14:55:04 EST" skipped="0">
  <testcase classname="Academy.validateNavBar" name="basePageNavigation" time="16.465"/>
  <system-out/>
</testsuite> <!-- Academy.validateNavBar -->
