<?xml version="1.0" encoding="UTF-8"?>
<!-- Generated by org.testng.reporters.JUnitReportReporter -->
<testsuite skipped="0" hostname="LAPTOP-PMC2DT0F" name="Academy.validateNavBar" tests="1" failures="0" timestamp="2022-02-19T16:15:55 EST" time="9.057" errors="0">
  <testcase name="basePageNavigation" time="9.057" classname="Academy.validateNavBar"/>
  <system-out/>
</testsuite> <!-- Academy.validateNavBar -->
