<?xml version="1.0" encoding="UTF-8"?>
<!-- Generated by org.testng.reporters.JUnitReportReporter -->
<testsuite skipped="0" hostname="LAPTOP-PMC2DT0F" name="Academy.validateTitle" tests="1" failures="0" timestamp="2022-02-19T16:15:55 EST" time="5.404" errors="0">
  <testcase name="basePageNavigation" time="5.404" classname="Academy.validateTitle"/>
  <system-out/>
</testsuite> <!-- Academy.validateTitle -->
