<?xml version="1.0" encoding="UTF-8"?>
<!-- Generated by org.testng.reporters.JUnitReportReporter -->
<testsuite skipped="0" hostname="LAPTOP-PMC2DT0F" name="Academy.HomePage" tests="2" failures="0" timestamp="2022-02-19T16:15:55 EST" time="16.143" errors="0">
  <testcase name="basePageNavigation" time="8.376" classname="Academy.HomePage"/>
  <system-out/>
  <testcase name="basePageNavigation" time="7.767" classname="Academy.HomePage"/>
  <system-out/>
</testsuite> <!-- Academy.HomePage -->
